# JRE version: OpenJDK Runtime Environment JBR-21.0.6+9-895.109-jcef (21.0.6+9) (build 21.0.6+9-b895.109)
# Java VM: OpenJDK 64-Bit Server VM JBR-21.0.6+9-895.109-jcef (21.0.6+9-b895.109, mixed mode, sharing, tiered, compressed oops, compressed class ptrs, g1 gc, windows-amd64)
GC Precious Log:
 CardTable entry size: 512
 Card Set container configuration: InlinePtr #cards 5 size 8 Array Of Cards #cards 12 size 40 Howl #buckets 4 coarsen threshold 1843 Howl Bitmap #cards 512 size 80 coarsen threshold 460 Card regions per heap region 1 cards per card region 2048
 CPUs: 12 total, 12 available
 Memory: 16254M
 Large Page Support: Disabled
 NUMA Support: Disabled
 Compressed Oops: Enabled (32-bit)
 Heap Region Size: 1M
 Heap Min Capacity: 128M
 Heap Initial Capacity: 128M
 Heap Max Capacity: 2G
 Pre-touch: Disabled
 Parallel Workers: 10
 Concurrent Workers: 3
 Concurrent Refinement Workers: 10
 Periodic GC: Disabled
Heap:
 garbage-first heap   total 131072K, used 17910K [0x0000000080000000, 0x0000000100000000)
  region size 1024K, 8 young (8192K), 0 survivors (0K)
 Metaspace       used 13298K, committed 14144K, reserved 1114112K
  class space    used 1464K, committed 1792K, reserved 1048576K
GC Heap History (9 events):
Event: 0.600 GC heap before
{Heap before GC invocations=0 (full 0):
 garbage-first heap   total 131072K, used 26624K [0x0000000080000000, 0x0000000100000000)
  region size 1024K, 23 young (23552K), 0 survivors (0K)
 Metaspace       used 8256K, committed 8640K, reserved 1114112K
  class space    used 1036K, committed 1216K, reserved 1048576K
}
Event: 0.607 GC heap after
{Heap after GC invocations=1 (full 0):
 garbage-first heap   total 131072K, used 9416K [0x0000000080000000, 0x0000000100000000)
  region size 1024K, 3 young (3072K), 3 survivors (3072K)
 Metaspace       used 8256K, committed 8640K, reserved 1114112K
  class space    used 1036K, committed 1216K, reserved 1048576K
}
Event: 2.211 GC heap before
{Heap before GC invocations=1 (full 0):
 garbage-first heap   total 131072K, used 38088K [0x0000000080000000, 0x0000000100000000)
  region size 1024K, 31 young (31744K), 3 survivors (3072K)
 Metaspace       used 13283K, committed 13760K, reserved 1114112K
  class space    used 1528K, committed 1728K, reserved 1048576K
}
Event: 2.215 GC heap after
{Heap after GC invocations=2 (full 0):
 garbage-first heap   total 131072K, used 12673K [0x0000000080000000, 0x0000000100000000)
  region size 1024K, 3 young (3072K), 3 survivors (3072K)
 Metaspace       used 13283K, committed 13760K, reserved 1114112K
  class space    used 1528K, committed 1728K, reserved 1048576K
}
Event: 3600.012 GC heap before
{Heap before GC invocations=2 (full 0):
 garbage-first heap   total 131072K, used 30081K [0x0000000080000000, 0x0000000100000000)
  region size 1024K, 21 young (21504K), 3 survivors (3072K)
 Metaspace       used 13620K, committed 14144K, reserved 1114112K
  class space    used 1541K, committed 1792K, reserved 1048576K
}
Event: 3600.027 GC heap after
{Heap after GC invocations=3 (full 1):
 garbage-first heap   total 131072K, used 11468K [0x0000000080000000, 0x0000000100000000)
  region size 1024K, 0 young (0K), 0 survivors (0K)
 Metaspace       used 13565K, committed 14144K, reserved 1114112K
  class space    used 1529K, committed 1792K, reserved 1048576K
}
Event: 7200.032 GC heap before
{Heap before GC invocations=3 (full 1):
 garbage-first heap   total 131072K, used 17612K [0x0000000080000000, 0x0000000100000000)
  region size 1024K, 7 young (7168K), 0 survivors (0K)
 Metaspace       used 13565K, committed 14144K, reserved 1114112K
  class space    used 1529K, committed 1792K, reserved 1048576K
}
Event: 7200.046 GC heap after
{Heap after GC invocations=4 (full 2):
 garbage-first heap   total 131072K, used 10742K [0x0000000080000000, 0x0000000100000000)
  region size 1024K, 0 young (0K), 0 survivors (0K)
 Metaspace       used 13292K, committed 14144K, reserved 1114112K
  class space    used 1464K, committed 1792K, reserved 1048576K
}
Event: 10800.061 GC heap before
{Heap before GC invocations=4 (full 2):
 garbage-first heap   total 131072K, used 17910K [0x0000000080000000, 0x0000000100000000)
  region size 1024K, 8 young (8192K), 0 survivors (0K)
 Metaspace       used 13298K, committed 14144K, reserved 1114112K
  class space    used 1464K, committed 1792K, reserved 1048576K
}

